[0m18:25:32.055924 [debug] [MainThread]: Sending event: {'category': 'dbt', 'action': 'invocation', 'label': 'start', 'context': [<snowplow_tracker.self_describing_json.SelfDescribingJson object at 0x000001F46278D160>, <snowplow_tracker.self_describing_json.SelfDescribingJson object at 0x000001F4602F0190>, <snowplow_tracker.self_describing_json.SelfDescribingJson object at 0x000001F463913C50>]}


============================== 18:25:32.388159 | 7554ed27-1345-4a4d-8e3e-5639d57d50ac ==============================
[0m18:25:32.388159 [info ] [MainThread]: Running with dbt=1.11.2
[0m18:25:32.390543 [debug] [MainThread]: running dbt with arguments {'static_parser': 'True', 'no_print': 'None', 'version_check': 'True', 'target_path': 'None', 'warn_error_options': 'WarnErrorOptionsV2(error=[], warn=[], silence=[])', 'printer_width': '80', 'write_json': 'True', 'empty': 'None', 'log_cache_events': 'False', 'introspect': 'True', 'cache_selected_only': 'False', 'log_format': 'default', 'debug': 'False', 'fail_fast': 'False', 'partial_parse': 'True', 'send_anonymous_usage_stats': 'True', 'quiet': 'False', 'warn_error': 'None', 'profiles_dir': 'C:\\Users\\ADMIN\\.dbt', 'invocation_command': 'dbt init', 'use_colors': 'True', 'indirect_selection': 'eager', 'use_experimental_parser': 'False', 'log_path': 'logs'}
[0m18:27:06.138053 [debug] [MainThread]: Starter project path: C:\Users\ADMIN\Documents\mophones\.venv\Lib\site-packages\dbt\include\starter_project
[0m18:27:06.250452 [info ] [MainThread]: 
Your new dbt project "mophones_dbt_project" was created!

For more information on how to configure the profiles.yml file,
please consult the dbt documentation here:

  https://docs.getdbt.com/docs/configure-your-profile

One more thing:

Need help? Don't hesitate to reach out to us via GitHub issues or on Slack:

  https://community.getdbt.com/

Happy modeling!

[0m18:27:06.252873 [info ] [MainThread]: Setting up your profile.
[0m18:28:10.993441 [debug] [MainThread]: Spark adapter: Setting pyhive.hive logging to ERROR
[0m18:28:10.993955 [debug] [MainThread]: Spark adapter: Setting thrift.transport logging to ERROR
[0m18:28:10.994317 [debug] [MainThread]: Spark adapter: Setting thrift.protocol logging to ERROR
[0m18:33:35.939361 [error] [MainThread]: Encountered an error:

[0m18:33:36.063611 [error] [MainThread]: Traceback (most recent call last):
  File "C:\Users\ADMIN\Documents\mophones\.venv\Lib\site-packages\dbt\cli\requires.py", line 182, in wrapper
    result, success = func(*args, **kwargs)
                      ~~~~^^^^^^^^^^^^^^^^^
  File "C:\Users\ADMIN\Documents\mophones\.venv\Lib\site-packages\dbt\cli\requires.py", line 128, in wrapper
    return func(*args, **kwargs)
  File "C:\Users\ADMIN\Documents\mophones\.venv\Lib\site-packages\dbt\cli\main.py", line 483, in init
    results = task.run()
  File "C:\Users\ADMIN\Documents\mophones\.venv\Lib\site-packages\dbt\task\init.py", line 346, in run
    self.setup_profile(profile_name)
    ~~~~~~~~~~~~~~~~~~^^^^^^^^^^^^^^
  File "C:\Users\ADMIN\Documents\mophones\.venv\Lib\site-packages\dbt\task\init.py", line 262, in setup_profile
    self.create_profile_from_target(adapter, profile_name=profile_name)
    ~~~~~~~~~~~~~~~~~~~~~~~~~~~~~~~^^^^^^^^^^^^^^^^^^^^^^^^^^^^^^^^^^^^
  File "C:\Users\ADMIN\Documents\mophones\.venv\Lib\site-packages\dbt\task\init.py", line 179, in create_profile_from_target
    self.create_profile_from_profile_template(profile_template, profile_name)
    ~~~~~~~~~~~~~~~~~~~~~~~~~~~~~~~~~~~~~~~~~^^^^^^^^^^^^^^^^^^^^^^^^^^^^^^^^
  File "C:\Users\ADMIN\Documents\mophones\.venv\Lib\site-packages\dbt\task\init.py", line 163, in create_profile_from_profile_template
    target = self.generate_target_from_input(prompts, initial_target)
  File "C:\Users\ADMIN\Documents\mophones\.venv\Lib\site-packages\dbt\task\init.py", line 113, in generate_target_from_input
    numeric_choice = click.prompt(prompt_msg, type=click.INT)
  File "C:\Users\ADMIN\Documents\mophones\.venv\Lib\site-packages\click\termui.py", line 171, in prompt
    value = prompt_func(prompt)
  File "C:\Users\ADMIN\Documents\mophones\.venv\Lib\site-packages\click\termui.py", line 154, in prompt_func
    raise Abort() from None
click.exceptions.Abort

[0m18:33:36.067674 [debug] [MainThread]: Command `dbt init` failed at 18:33:36.067435 after 484.67 seconds
[0m18:33:36.068637 [debug] [MainThread]: Sending event: {'category': 'dbt', 'action': 'invocation', 'label': 'end', 'context': [<snowplow_tracker.self_describing_json.SelfDescribingJson object at 0x000001F477D4DF30>, <snowplow_tracker.self_describing_json.SelfDescribingJson object at 0x000001F463944050>, <snowplow_tracker.self_describing_json.SelfDescribingJson object at 0x000001F4781B8E20>]}
[0m18:33:36.069850 [debug] [MainThread]: Flushing usage events
[0m18:33:37.524975 [debug] [MainThread]: An error was encountered while trying to flush usage events
[0m18:34:07.364010 [debug] [MainThread]: Sending event: {'category': 'dbt', 'action': 'invocation', 'label': 'start', 'context': [<snowplow_tracker.self_describing_json.SelfDescribingJson object at 0x0000025BDCD7D160>, <snowplow_tracker.self_describing_json.SelfDescribingJson object at 0x0000025BDA900190>, <snowplow_tracker.self_describing_json.SelfDescribingJson object at 0x0000025BDDF03C50>]}


============================== 18:34:07.372424 | eac0931b-e811-4f21-9842-a62717abdbc5 ==============================
[0m18:34:07.372424 [info ] [MainThread]: Running with dbt=1.11.2
[0m18:34:07.374009 [debug] [MainThread]: running dbt with arguments {'static_parser': 'True', 'no_print': 'None', 'version_check': 'True', 'target_path': 'None', 'warn_error_options': 'WarnErrorOptionsV2(error=[], warn=[], silence=[])', 'printer_width': '80', 'write_json': 'True', 'introspect': 'True', 'log_cache_events': 'False', 'empty': 'None', 'cache_selected_only': 'False', 'fail_fast': 'False', 'debug': 'False', 'log_format': 'default', 'partial_parse': 'True', 'send_anonymous_usage_stats': 'True', 'quiet': 'False', 'warn_error': 'None', 'profiles_dir': 'C:\\Users\\ADMIN\\.dbt', 'invocation_command': 'dbt init', 'use_colors': 'True', 'indirect_selection': 'eager', 'use_experimental_parser': 'False', 'log_path': 'logs'}
[0m18:34:20.272817 [info ] [MainThread]: A project called mophones_dbt_project already exists here.
[0m18:34:20.275145 [debug] [MainThread]: Command `dbt init` succeeded at 18:34:20.274896 after 13.35 seconds
[0m18:34:20.275771 [debug] [MainThread]: Sending event: {'category': 'dbt', 'action': 'invocation', 'label': 'end', 'context': [<snowplow_tracker.self_describing_json.SelfDescribingJson object at 0x0000025BDDEFBA80>, <snowplow_tracker.self_describing_json.SelfDescribingJson object at 0x0000025BDEF6DEB0>, <snowplow_tracker.self_describing_json.SelfDescribingJson object at 0x0000025BDEF4C160>]}
[0m18:34:20.276384 [debug] [MainThread]: Flushing usage events
[0m18:34:21.608293 [debug] [MainThread]: An error was encountered while trying to flush usage events
[0m18:37:20.878123 [debug] [MainThread]: Sending event: {'category': 'dbt', 'action': 'invocation', 'label': 'start', 'context': [<snowplow_tracker.self_describing_json.SelfDescribingJson object at 0x0000017F5DCCD160>, <snowplow_tracker.self_describing_json.SelfDescribingJson object at 0x0000017F5B830190>, <snowplow_tracker.self_describing_json.SelfDescribingJson object at 0x0000017F5EE53C50>]}


============================== 18:37:20.884924 | dfb2fc96-00eb-427b-aeb2-483fd66b7782 ==============================
[0m18:37:20.884924 [info ] [MainThread]: Running with dbt=1.11.2
[0m18:37:20.886403 [debug] [MainThread]: running dbt with arguments {'static_parser': 'True', 'no_print': 'None', 'version_check': 'True', 'target_path': 'None', 'warn_error_options': 'WarnErrorOptionsV2(error=[], warn=[], silence=[])', 'printer_width': '80', 'write_json': 'True', 'introspect': 'True', 'log_cache_events': 'False', 'empty': 'None', 'cache_selected_only': 'False', 'log_format': 'default', 'debug': 'False', 'fail_fast': 'False', 'profiles_dir': 'C:\\Users\\ADMIN\\.dbt', 'send_anonymous_usage_stats': 'True', 'quiet': 'False', 'warn_error': 'None', 'partial_parse': 'True', 'indirect_selection': 'eager', 'invocation_command': 'dbt init', 'use_colors': 'True', 'use_experimental_parser': 'False', 'log_path': 'logs'}
[0m18:37:34.433312 [debug] [MainThread]: Starter project path: C:\Users\ADMIN\Documents\mophones\.venv\Lib\site-packages\dbt\include\starter_project
[0m18:37:34.478308 [info ] [MainThread]: 
Your new dbt project "mophones_dbt_project" was created!

For more information on how to configure the profiles.yml file,
please consult the dbt documentation here:

  https://docs.getdbt.com/docs/configure-your-profile

One more thing:

Need help? Don't hesitate to reach out to us via GitHub issues or on Slack:

  https://community.getdbt.com/

Happy modeling!

[0m18:37:34.480385 [info ] [MainThread]: Setting up your profile.
[0m18:37:41.129464 [debug] [MainThread]: Spark adapter: Setting pyhive.hive logging to ERROR
[0m18:37:41.129913 [debug] [MainThread]: Spark adapter: Setting thrift.transport logging to ERROR
[0m18:37:41.130250 [debug] [MainThread]: Spark adapter: Setting thrift.protocol logging to ERROR
[0m18:42:05.068151 [error] [MainThread]: Encountered an error:

[0m18:42:05.079727 [error] [MainThread]: Traceback (most recent call last):
  File "C:\Users\ADMIN\Documents\mophones\.venv\Lib\site-packages\dbt\cli\requires.py", line 182, in wrapper
    result, success = func(*args, **kwargs)
                      ~~~~^^^^^^^^^^^^^^^^^
  File "C:\Users\ADMIN\Documents\mophones\.venv\Lib\site-packages\dbt\cli\requires.py", line 128, in wrapper
    return func(*args, **kwargs)
  File "C:\Users\ADMIN\Documents\mophones\.venv\Lib\site-packages\dbt\cli\main.py", line 483, in init
    results = task.run()
  File "C:\Users\ADMIN\Documents\mophones\.venv\Lib\site-packages\dbt\task\init.py", line 346, in run
    self.setup_profile(profile_name)
    ~~~~~~~~~~~~~~~~~~^^^^^^^^^^^^^^
  File "C:\Users\ADMIN\Documents\mophones\.venv\Lib\site-packages\dbt\task\init.py", line 262, in setup_profile
    self.create_profile_from_target(adapter, profile_name=profile_name)
    ~~~~~~~~~~~~~~~~~~~~~~~~~~~~~~~^^^^^^^^^^^^^^^^^^^^^^^^^^^^^^^^^^^^
  File "C:\Users\ADMIN\Documents\mophones\.venv\Lib\site-packages\dbt\task\init.py", line 179, in create_profile_from_target
    self.create_profile_from_profile_template(profile_template, profile_name)
    ~~~~~~~~~~~~~~~~~~~~~~~~~~~~~~~~~~~~~~~~~^^^^^^^^^^^^^^^^^^^^^^^^^^^^^^^^
  File "C:\Users\ADMIN\Documents\mophones\.venv\Lib\site-packages\dbt\task\init.py", line 163, in create_profile_from_profile_template
    target = self.generate_target_from_input(prompts, initial_target)
  File "C:\Users\ADMIN\Documents\mophones\.venv\Lib\site-packages\dbt\task\init.py", line 113, in generate_target_from_input
    numeric_choice = click.prompt(prompt_msg, type=click.INT)
  File "C:\Users\ADMIN\Documents\mophones\.venv\Lib\site-packages\click\termui.py", line 171, in prompt
    value = prompt_func(prompt)
  File "C:\Users\ADMIN\Documents\mophones\.venv\Lib\site-packages\click\termui.py", line 154, in prompt_func
    raise Abort() from None
click.exceptions.Abort

[0m18:42:05.083379 [debug] [MainThread]: Command `dbt init` failed at 18:42:05.082919 after 284.60 seconds
[0m18:42:05.084875 [debug] [MainThread]: Sending event: {'category': 'dbt', 'action': 'invocation', 'label': 'end', 'context': [<snowplow_tracker.self_describing_json.SelfDescribingJson object at 0x0000017F72217360>, <snowplow_tracker.self_describing_json.SelfDescribingJson object at 0x0000017F5FEBE210>, <snowplow_tracker.self_describing_json.SelfDescribingJson object at 0x0000017F722CA690>]}
[0m18:42:05.086139 [debug] [MainThread]: Flushing usage events
[0m18:42:06.418942 [debug] [MainThread]: An error was encountered while trying to flush usage events
[0m18:42:20.871794 [debug] [MainThread]: Sending event: {'category': 'dbt', 'action': 'invocation', 'label': 'start', 'context': [<snowplow_tracker.self_describing_json.SelfDescribingJson object at 0x00000156F521D160>, <snowplow_tracker.self_describing_json.SelfDescribingJson object at 0x00000156F2D90190>, <snowplow_tracker.self_describing_json.SelfDescribingJson object at 0x00000156F63A3C50>]}


============================== 18:42:20.878481 | 3e8687ff-0c64-42ae-81ce-ff9dad73c0f4 ==============================
[0m18:42:20.878481 [info ] [MainThread]: Running with dbt=1.11.2
[0m18:42:20.879723 [debug] [MainThread]: running dbt with arguments {'static_parser': 'True', 'no_print': 'None', 'version_check': 'True', 'warn_error_options': 'WarnErrorOptionsV2(error=[], warn=[], silence=[])', 'target_path': 'None', 'printer_width': '80', 'write_json': 'True', 'introspect': 'True', 'log_cache_events': 'False', 'empty': 'None', 'cache_selected_only': 'False', 'fail_fast': 'False', 'debug': 'False', 'log_format': 'default', 'profiles_dir': 'C:\\Users\\ADMIN\\.dbt', 'send_anonymous_usage_stats': 'True', 'quiet': 'False', 'warn_error': 'None', 'partial_parse': 'True', 'use_colors': 'True', 'invocation_command': 'dbt init', 'indirect_selection': 'eager', 'use_experimental_parser': 'False', 'log_path': 'logs'}
[0m18:42:42.173154 [info ] [MainThread]: A project called mophones_dbt_project already exists here.
[0m18:42:42.175033 [debug] [MainThread]: Command `dbt init` succeeded at 18:42:42.174874 after 21.71 seconds
[0m18:42:42.175424 [debug] [MainThread]: Sending event: {'category': 'dbt', 'action': 'invocation', 'label': 'end', 'context': [<snowplow_tracker.self_describing_json.SelfDescribingJson object at 0x00000156F639BA80>, <snowplow_tracker.self_describing_json.SelfDescribingJson object at 0x00000156F740DEB0>, <snowplow_tracker.self_describing_json.SelfDescribingJson object at 0x00000156F73EC160>]}
[0m18:42:42.175813 [debug] [MainThread]: Flushing usage events
[0m18:42:46.579484 [debug] [MainThread]: An error was encountered while trying to flush usage events
[0m18:43:25.278062 [debug] [MainThread]: Sending event: {'category': 'dbt', 'action': 'invocation', 'label': 'start', 'context': [<snowplow_tracker.self_describing_json.SelfDescribingJson object at 0x0000017ECAE4D160>, <snowplow_tracker.self_describing_json.SelfDescribingJson object at 0x0000017EC8A00190>, <snowplow_tracker.self_describing_json.SelfDescribingJson object at 0x0000017ECBFD3C50>]}


============================== 18:43:25.284825 | df1b7d43-6efc-4b5f-98d4-2511e7ae4b1c ==============================
[0m18:43:25.284825 [info ] [MainThread]: Running with dbt=1.11.2
[0m18:43:25.285900 [debug] [MainThread]: running dbt with arguments {'version_check': 'True', 'no_print': 'None', 'static_parser': 'True', 'warn_error_options': 'WarnErrorOptionsV2(error=[], warn=[], silence=[])', 'target_path': 'None', 'printer_width': '80', 'write_json': 'True', 'introspect': 'True', 'log_cache_events': 'False', 'empty': 'None', 'cache_selected_only': 'False', 'fail_fast': 'False', 'debug': 'False', 'log_format': 'default', 'profiles_dir': 'C:\\Users\\ADMIN\\.dbt', 'send_anonymous_usage_stats': 'True', 'quiet': 'False', 'warn_error': 'None', 'partial_parse': 'True', 'indirect_selection': 'eager', 'invocation_command': 'dbt init', 'use_colors': 'True', 'use_experimental_parser': 'False', 'log_path': 'logs'}
[0m18:43:39.465427 [debug] [MainThread]: Starter project path: C:\Users\ADMIN\Documents\mophones\.venv\Lib\site-packages\dbt\include\starter_project
[0m18:43:39.507340 [info ] [MainThread]: 
Your new dbt project "mophones_dbt_project" was created!

For more information on how to configure the profiles.yml file,
please consult the dbt documentation here:

  https://docs.getdbt.com/docs/configure-your-profile

One more thing:

Need help? Don't hesitate to reach out to us via GitHub issues or on Slack:

  https://community.getdbt.com/

Happy modeling!

[0m18:43:39.508423 [info ] [MainThread]: Setting up your profile.
[0m18:43:45.458115 [debug] [MainThread]: Spark adapter: Setting pyhive.hive logging to ERROR
[0m18:43:45.458575 [debug] [MainThread]: Spark adapter: Setting thrift.transport logging to ERROR
[0m18:43:45.458893 [debug] [MainThread]: Spark adapter: Setting thrift.protocol logging to ERROR
[0m18:55:32.168839 [error] [MainThread]: Encountered an error:

[0m18:55:32.252844 [error] [MainThread]: Traceback (most recent call last):
  File "C:\Users\ADMIN\Documents\mophones\.venv\Lib\site-packages\dbt\cli\requires.py", line 182, in wrapper
    result, success = func(*args, **kwargs)
                      ~~~~^^^^^^^^^^^^^^^^^
  File "C:\Users\ADMIN\Documents\mophones\.venv\Lib\site-packages\dbt\cli\requires.py", line 128, in wrapper
    return func(*args, **kwargs)
  File "C:\Users\ADMIN\Documents\mophones\.venv\Lib\site-packages\dbt\cli\main.py", line 483, in init
    results = task.run()
  File "C:\Users\ADMIN\Documents\mophones\.venv\Lib\site-packages\dbt\task\init.py", line 346, in run
    self.setup_profile(profile_name)
    ~~~~~~~~~~~~~~~~~~^^^^^^^^^^^^^^
  File "C:\Users\ADMIN\Documents\mophones\.venv\Lib\site-packages\dbt\task\init.py", line 262, in setup_profile
    self.create_profile_from_target(adapter, profile_name=profile_name)
    ~~~~~~~~~~~~~~~~~~~~~~~~~~~~~~~^^^^^^^^^^^^^^^^^^^^^^^^^^^^^^^^^^^^
  File "C:\Users\ADMIN\Documents\mophones\.venv\Lib\site-packages\dbt\task\init.py", line 179, in create_profile_from_target
    self.create_profile_from_profile_template(profile_template, profile_name)
    ~~~~~~~~~~~~~~~~~~~~~~~~~~~~~~~~~~~~~~~~~^^^^^^^^^^^^^^^^^^^^^^^^^^^^^^^^
  File "C:\Users\ADMIN\Documents\mophones\.venv\Lib\site-packages\dbt\task\init.py", line 163, in create_profile_from_profile_template
    target = self.generate_target_from_input(prompts, initial_target)
  File "C:\Users\ADMIN\Documents\mophones\.venv\Lib\site-packages\dbt\task\init.py", line 113, in generate_target_from_input
    numeric_choice = click.prompt(prompt_msg, type=click.INT)
  File "C:\Users\ADMIN\Documents\mophones\.venv\Lib\site-packages\click\termui.py", line 171, in prompt
    value = prompt_func(prompt)
  File "C:\Users\ADMIN\Documents\mophones\.venv\Lib\site-packages\click\termui.py", line 154, in prompt_func
    raise Abort() from None
click.exceptions.Abort

[0m18:55:32.303312 [debug] [MainThread]: Command `dbt init` failed at 18:55:32.301407 after 727.26 seconds
[0m18:55:32.312288 [debug] [MainThread]: Sending event: {'category': 'dbt', 'action': 'invocation', 'label': 'end', 'context': [<snowplow_tracker.self_describing_json.SelfDescribingJson object at 0x0000017EDF397360>, <snowplow_tracker.self_describing_json.SelfDescribingJson object at 0x0000017ECC004050>, <snowplow_tracker.self_describing_json.SelfDescribingJson object at 0x0000017EDF44A690>]}
[0m18:55:32.318778 [debug] [MainThread]: Flushing usage events
[0m18:55:33.652075 [debug] [MainThread]: An error was encountered while trying to flush usage events
[0m18:56:04.885307 [debug] [MainThread]: Sending event: {'category': 'dbt', 'action': 'invocation', 'label': 'start', 'context': [<snowplow_tracker.self_describing_json.SelfDescribingJson object at 0x000002AE0260D160>, <snowplow_tracker.self_describing_json.SelfDescribingJson object at 0x000002AE7F980190>, <snowplow_tracker.self_describing_json.SelfDescribingJson object at 0x000002AE03793C50>]}


============================== 18:56:04.891953 | bd1377e7-2e26-45aa-9c1b-a9e627fd84ba ==============================
[0m18:56:04.891953 [info ] [MainThread]: Running with dbt=1.11.2
[0m18:56:04.893319 [debug] [MainThread]: running dbt with arguments {'version_check': 'True', 'no_print': 'None', 'static_parser': 'True', 'warn_error_options': 'WarnErrorOptionsV2(error=[], warn=[], silence=[])', 'target_path': 'None', 'printer_width': '80', 'write_json': 'True', 'introspect': 'True', 'log_cache_events': 'False', 'empty': 'None', 'cache_selected_only': 'False', 'fail_fast': 'False', 'debug': 'False', 'log_format': 'default', 'partial_parse': 'True', 'send_anonymous_usage_stats': 'True', 'quiet': 'False', 'warn_error': 'None', 'profiles_dir': 'C:\\Users\\ADMIN\\.dbt', 'use_colors': 'True', 'invocation_command': 'dbt debug', 'indirect_selection': 'eager', 'use_experimental_parser': 'False', 'log_path': 'logs'}
[0m18:56:05.005444 [info ] [MainThread]: dbt version: 1.11.2
[0m18:56:05.006749 [info ] [MainThread]: python version: 3.13.0
[0m18:56:05.007479 [info ] [MainThread]: python path: C:\Users\ADMIN\Documents\mophones\.venv\Scripts\python.exe
[0m18:56:05.008336 [info ] [MainThread]: os info: Windows-11-10.0.26200-SP0
[0m18:56:06.636501 [debug] [MainThread]: Spark adapter: Setting pyhive.hive logging to ERROR
[0m18:56:06.637160 [debug] [MainThread]: Spark adapter: Setting thrift.transport logging to ERROR
[0m18:56:06.637823 [debug] [MainThread]: Spark adapter: Setting thrift.protocol logging to ERROR
[0m18:56:07.977825 [info ] [MainThread]: Using profiles dir at C:\Users\ADMIN\.dbt
[0m18:56:07.978743 [info ] [MainThread]: Using profiles.yml file at C:\Users\ADMIN\.dbt\profiles.yml
[0m18:56:07.979722 [info ] [MainThread]: Using dbt_project.yml file at C:\Users\ADMIN\Documents\mophones\dbt_project.yml
[0m18:56:07.980625 [info ] [MainThread]: adapter type: databricks
[0m18:56:07.981414 [info ] [MainThread]: adapter version: 1.10.9
[0m18:56:07.982381 [info ] [MainThread]: Configuration:
[0m18:56:07.983227 [info ] [MainThread]:   profiles.yml file [[32mOK found and valid[0m]
[0m18:56:07.984199 [info ] [MainThread]:   dbt_project.yml file [[31mERROR not found[0m]
[0m18:56:07.984952 [info ] [MainThread]: Required dependencies:
[0m18:56:07.985778 [debug] [MainThread]: Executing "git --help"
[0m18:56:08.047939 [debug] [MainThread]: STDOUT: "b"usage: git [-v | --version] [-h | --help] [-C <path>] [-c <name>=<value>]\n           [--exec-path[=<path>]] [--html-path] [--man-path] [--info-path]\n           [-p | --paginate | -P | --no-pager] [--no-replace-objects] [--no-lazy-fetch]\n           [--no-optional-locks] [--no-advice] [--bare] [--git-dir=<path>]\n           [--work-tree=<path>] [--namespace=<name>] [--config-env=<name>=<envvar>]\n           <command> [<args>]\n\nThese are common Git commands used in various situations:\n\nstart a working area (see also: git help tutorial)\n   clone      Clone a repository into a new directory\n   init       Create an empty Git repository or reinitialize an existing one\n\nwork on the current change (see also: git help everyday)\n   add        Add file contents to the index\n   mv         Move or rename a file, a directory, or a symlink\n   restore    Restore working tree files\n   rm         Remove files from the working tree and from the index\n\nexamine the history and state (see also: git help revisions)\n   bisect     Use binary search to find the commit that introduced a bug\n   diff       Show changes between commits, commit and working tree, etc\n   grep       Print lines matching a pattern\n   log        Show commit logs\n   show       Show various types of objects\n   status     Show the working tree status\n\ngrow, mark and tweak your common history\n   backfill   Download missing objects in a partial clone\n   branch     List, create, or delete branches\n   commit     Record changes to the repository\n   merge      Join two or more development histories together\n   rebase     Reapply commits on top of another base tip\n   reset      Reset current HEAD to the specified state\n   switch     Switch branches\n   tag        Create, list, delete or verify tags\n\ncollaborate (see also: git help workflows)\n   fetch      Download objects and refs from another repository\n   pull       Fetch from and integrate with another repository or a local branch\n   push       Update remote refs along with associated objects\n\n'git help -a' and 'git help -g' list available subcommands and some\nconcept guides. See 'git help <command>' or 'git help <concept>'\nto read about a specific subcommand or concept.\nSee 'git help git' for an overview of the system.\n""
[0m18:56:08.048393 [debug] [MainThread]: STDERR: "b''"
[0m18:56:08.048685 [info ] [MainThread]:  - git [[32mOK found[0m]

[0m18:56:08.049575 [info ] [MainThread]: Connection:
[0m18:56:08.051256 [info ] [MainThread]:   host: dbc-9b6ae4e0-b3ea.cloud.databricks.com
[0m18:56:08.052288 [info ] [MainThread]:   http_path: /sql/1.0/warehouses/7c9aa6ff4700180d
[0m18:56:08.053299 [info ] [MainThread]:   catalog: dbt_tutorial_dev
[0m18:56:08.054120 [info ] [MainThread]:   schema: default
[0m18:56:08.055216 [info ] [MainThread]: Registered adapter: databricks=1.10.9
[0m18:56:09.053684 [debug] [MainThread]: Databricks adapter: DatabricksDBTConnection(session-id=None, name=debug) - Creating connection
[0m18:56:09.054124 [debug] [MainThread]: Acquiring new databricks connection 'debug'
[0m18:56:09.054420 [debug] [MainThread]: Using databricks connection "debug"
[0m18:56:09.054714 [debug] [MainThread]: On debug: select 1 as id
[0m18:56:09.054972 [debug] [MainThread]: Opening a new connection, currently in state init
[0m18:56:10.158818 [error] [MainThread]: databricks-sql-connector adapter: ThriftBackend.attempt_request: Exception: %s
[0m18:56:10.205625 [error] [MainThread]: Databricks adapter: Connection(session-id=Unknown) - Exception while trying to create connection: Error during request to server: : Invalid access token.. 
Error properties: attempt=1/30, bounded-retry-delay=None, elapsed-seconds=1.0280897617340088/900.0, error-message=: Invalid access token., http-code=403, method=OpenSession, no-retry-reason=non-retryable error, original-exception=, query-id=None, session-id=None
[0m18:56:10.207283 [debug] [MainThread]: Databricks adapter: Exception while trying to execute query
select 1 as id
: Database Error
  Error during request to server: : Invalid access token.. 
[0m18:56:10.207984 [debug] [MainThread]: On debug: No close available on handle
[0m18:56:10.209413 [info ] [MainThread]:   Connection test: [[31mERROR[0m]

[0m18:56:10.210713 [info ] [MainThread]: [31m2 checks failed:[0m
[0m18:56:10.211720 [info ] [MainThread]: Project loading failed for the following reason:
 project path <C:\Users\ADMIN\Documents\mophones\dbt_project.yml> not found

[0m18:56:10.212726 [info ] [MainThread]: dbt was unable to connect to the specified database.
The database returned the following error:

  >Database Error
  Database Error
    Error during request to server: : Invalid access token.. 

Check your database credentials and try again. For more information, visit:
https://docs.getdbt.com/docs/configure-your-profile


[0m18:56:10.214871 [debug] [MainThread]: Command `dbt debug` failed at 18:56:10.214623 after 5.55 seconds
[0m18:56:10.215455 [debug] [MainThread]: Sending event: {'category': 'dbt', 'action': 'invocation', 'label': 'end', 'context': [<snowplow_tracker.self_describing_json.SelfDescribingJson object at 0x000002AE16CC4FC0>, <snowplow_tracker.self_describing_json.SelfDescribingJson object at 0x000002AE16C2B2F0>, <snowplow_tracker.self_describing_json.SelfDescribingJson object at 0x000002AE16C46F10>]}
[0m18:56:10.216635 [debug] [MainThread]: Flushing usage events
[0m18:56:11.459357 [debug] [MainThread]: An error was encountered while trying to flush usage events
[0m18:58:02.954601 [debug] [MainThread]: Sending event: {'category': 'dbt', 'action': 'invocation', 'label': 'start', 'context': [<snowplow_tracker.self_describing_json.SelfDescribingJson object at 0x0000020112DAD160>, <snowplow_tracker.self_describing_json.SelfDescribingJson object at 0x0000020110920190>, <snowplow_tracker.self_describing_json.SelfDescribingJson object at 0x0000020113F33C50>]}


============================== 18:58:02.960390 | 0ee7caf4-d529-4fd7-95d4-c712e542afff ==============================
[0m18:58:02.960390 [info ] [MainThread]: Running with dbt=1.11.2
[0m18:58:02.961326 [debug] [MainThread]: running dbt with arguments {'static_parser': 'True', 'no_print': 'None', 'version_check': 'True', 'warn_error_options': 'WarnErrorOptionsV2(error=[], warn=[], silence=[])', 'target_path': 'None', 'printer_width': '80', 'write_json': 'True', 'empty': 'None', 'log_cache_events': 'False', 'introspect': 'True', 'cache_selected_only': 'False', 'fail_fast': 'False', 'debug': 'False', 'log_format': 'default', 'partial_parse': 'True', 'send_anonymous_usage_stats': 'True', 'quiet': 'False', 'warn_error': 'None', 'profiles_dir': 'C:\\Users\\ADMIN\\.dbt', 'invocation_command': 'dbt debug', 'indirect_selection': 'eager', 'use_colors': 'True', 'use_experimental_parser': 'False', 'log_path': 'logs'}
[0m18:58:03.010962 [info ] [MainThread]: dbt version: 1.11.2
[0m18:58:03.011979 [info ] [MainThread]: python version: 3.13.0
[0m18:58:03.012735 [info ] [MainThread]: python path: C:\Users\ADMIN\Documents\mophones\.venv\Scripts\python.exe
[0m18:58:03.013335 [info ] [MainThread]: os info: Windows-11-10.0.26200-SP0
[0m18:58:04.200092 [debug] [MainThread]: Spark adapter: Setting pyhive.hive logging to ERROR
[0m18:58:04.200609 [debug] [MainThread]: Spark adapter: Setting thrift.transport logging to ERROR
[0m18:58:04.201048 [debug] [MainThread]: Spark adapter: Setting thrift.protocol logging to ERROR
[0m18:58:05.379694 [info ] [MainThread]: Using profiles dir at C:\Users\ADMIN\.dbt
[0m18:58:05.380640 [info ] [MainThread]: Using profiles.yml file at C:\Users\ADMIN\.dbt\profiles.yml
[0m18:58:05.381138 [info ] [MainThread]: Using dbt_project.yml file at C:\Users\ADMIN\Documents\mophones\dbt_project.yml
[0m18:58:05.381563 [info ] [MainThread]: adapter type: databricks
[0m18:58:05.381962 [info ] [MainThread]: adapter version: 1.10.9
[0m18:58:05.382456 [info ] [MainThread]: Configuration:
[0m18:58:05.382849 [info ] [MainThread]:   profiles.yml file [[32mOK found and valid[0m]
[0m18:58:05.383467 [info ] [MainThread]:   dbt_project.yml file [[31mERROR not found[0m]
[0m18:58:05.384523 [info ] [MainThread]: Required dependencies:
[0m18:58:05.385290 [debug] [MainThread]: Executing "git --help"
[0m18:58:05.452870 [debug] [MainThread]: STDOUT: "b"usage: git [-v | --version] [-h | --help] [-C <path>] [-c <name>=<value>]\n           [--exec-path[=<path>]] [--html-path] [--man-path] [--info-path]\n           [-p | --paginate | -P | --no-pager] [--no-replace-objects] [--no-lazy-fetch]\n           [--no-optional-locks] [--no-advice] [--bare] [--git-dir=<path>]\n           [--work-tree=<path>] [--namespace=<name>] [--config-env=<name>=<envvar>]\n           <command> [<args>]\n\nThese are common Git commands used in various situations:\n\nstart a working area (see also: git help tutorial)\n   clone      Clone a repository into a new directory\n   init       Create an empty Git repository or reinitialize an existing one\n\nwork on the current change (see also: git help everyday)\n   add        Add file contents to the index\n   mv         Move or rename a file, a directory, or a symlink\n   restore    Restore working tree files\n   rm         Remove files from the working tree and from the index\n\nexamine the history and state (see also: git help revisions)\n   bisect     Use binary search to find the commit that introduced a bug\n   diff       Show changes between commits, commit and working tree, etc\n   grep       Print lines matching a pattern\n   log        Show commit logs\n   show       Show various types of objects\n   status     Show the working tree status\n\ngrow, mark and tweak your common history\n   backfill   Download missing objects in a partial clone\n   branch     List, create, or delete branches\n   commit     Record changes to the repository\n   merge      Join two or more development histories together\n   rebase     Reapply commits on top of another base tip\n   reset      Reset current HEAD to the specified state\n   switch     Switch branches\n   tag        Create, list, delete or verify tags\n\ncollaborate (see also: git help workflows)\n   fetch      Download objects and refs from another repository\n   pull       Fetch from and integrate with another repository or a local branch\n   push       Update remote refs along with associated objects\n\n'git help -a' and 'git help -g' list available subcommands and some\nconcept guides. See 'git help <command>' or 'git help <concept>'\nto read about a specific subcommand or concept.\nSee 'git help git' for an overview of the system.\n""
[0m18:58:05.453346 [debug] [MainThread]: STDERR: "b''"
[0m18:58:05.453641 [info ] [MainThread]:  - git [[32mOK found[0m]

[0m18:58:05.454850 [info ] [MainThread]: Connection:
[0m18:58:05.455553 [info ] [MainThread]:   host: dbc-9b6ae4e0-b3ea.cloud.databricks.com
[0m18:58:05.456571 [info ] [MainThread]:   http_path: /sql/1.0/warehouses/7c9aa6ff4700180d
[0m18:58:05.457432 [info ] [MainThread]:   catalog: dbt_tutorial_dev
[0m18:58:05.458307 [info ] [MainThread]:   schema: default
[0m18:58:05.459559 [info ] [MainThread]: Registered adapter: databricks=1.10.9
[0m18:58:06.274121 [debug] [MainThread]: Databricks adapter: DatabricksDBTConnection(session-id=None, name=debug) - Creating connection
[0m18:58:06.274562 [debug] [MainThread]: Acquiring new databricks connection 'debug'
[0m18:58:06.274858 [debug] [MainThread]: Using databricks connection "debug"
[0m18:58:06.275142 [debug] [MainThread]: On debug: select 1 as id
[0m18:58:06.275412 [debug] [MainThread]: Opening a new connection, currently in state init
[0m18:58:07.353909 [error] [MainThread]: databricks-sql-connector adapter: ThriftBackend.attempt_request: Exception: %s
[0m18:58:07.399900 [error] [MainThread]: Databricks adapter: Connection(session-id=Unknown) - Exception while trying to create connection: Error during request to server: : Invalid access token.. 
Error properties: attempt=1/30, bounded-retry-delay=None, elapsed-seconds=1.010676622390747/900.0, error-message=: Invalid access token., http-code=403, method=OpenSession, no-retry-reason=non-retryable error, original-exception=, query-id=None, session-id=None
[0m18:58:07.402625 [debug] [MainThread]: Databricks adapter: Exception while trying to execute query
select 1 as id
: Database Error
  Error during request to server: : Invalid access token.. 
[0m18:58:07.403301 [debug] [MainThread]: On debug: No close available on handle
[0m18:58:07.404999 [info ] [MainThread]:   Connection test: [[31mERROR[0m]

[0m18:58:07.406026 [info ] [MainThread]: [31m2 checks failed:[0m
[0m18:58:07.407004 [info ] [MainThread]: Project loading failed for the following reason:
 project path <C:\Users\ADMIN\Documents\mophones\dbt_project.yml> not found

[0m18:58:07.407930 [info ] [MainThread]: dbt was unable to connect to the specified database.
The database returned the following error:

  >Database Error
  Database Error
    Error during request to server: : Invalid access token.. 

Check your database credentials and try again. For more information, visit:
https://docs.getdbt.com/docs/configure-your-profile


[0m18:58:07.410224 [debug] [MainThread]: Command `dbt debug` failed at 18:58:07.409982 after 4.72 seconds
[0m18:58:07.410861 [debug] [MainThread]: Sending event: {'category': 'dbt', 'action': 'invocation', 'label': 'end', 'context': [<snowplow_tracker.self_describing_json.SelfDescribingJson object at 0x0000020127434E90>, <snowplow_tracker.self_describing_json.SelfDescribingJson object at 0x000002012739B2F0>, <snowplow_tracker.self_describing_json.SelfDescribingJson object at 0x00000201273B6F10>]}
[0m18:58:07.411396 [debug] [MainThread]: Flushing usage events
[0m18:58:12.091668 [debug] [MainThread]: An error was encountered while trying to flush usage events
[0m18:58:22.474132 [debug] [MainThread]: Sending event: {'category': 'dbt', 'action': 'invocation', 'label': 'start', 'context': [<snowplow_tracker.self_describing_json.SelfDescribingJson object at 0x0000016BA29CD160>, <snowplow_tracker.self_describing_json.SelfDescribingJson object at 0x0000016BA0530190>, <snowplow_tracker.self_describing_json.SelfDescribingJson object at 0x0000016BA3B53C50>]}


============================== 18:58:22.479945 | c957511e-882d-4ea8-b710-1f53484db263 ==============================
[0m18:58:22.479945 [info ] [MainThread]: Running with dbt=1.11.2
[0m18:58:22.481043 [debug] [MainThread]: running dbt with arguments {'static_parser': 'True', 'no_print': 'None', 'version_check': 'True', 'warn_error_options': 'WarnErrorOptionsV2(error=[], warn=[], silence=[])', 'target_path': 'None', 'printer_width': '80', 'write_json': 'True', 'empty': 'None', 'log_cache_events': 'False', 'introspect': 'True', 'cache_selected_only': 'False', 'fail_fast': 'False', 'debug': 'False', 'log_format': 'default', 'profiles_dir': 'C:\\Users\\ADMIN\\.dbt', 'send_anonymous_usage_stats': 'True', 'quiet': 'False', 'warn_error': 'None', 'partial_parse': 'True', 'invocation_command': 'dbt init', 'use_colors': 'True', 'indirect_selection': 'eager', 'use_experimental_parser': 'False', 'log_path': 'logs'}
[0m18:58:32.512983 [debug] [MainThread]: Starter project path: C:\Users\ADMIN\Documents\mophones\.venv\Lib\site-packages\dbt\include\starter_project
[0m18:58:32.560869 [info ] [MainThread]: 
Your new dbt project "mophones_dbt_project" was created!

For more information on how to configure the profiles.yml file,
please consult the dbt documentation here:

  https://docs.getdbt.com/docs/configure-your-profile

One more thing:

Need help? Don't hesitate to reach out to us via GitHub issues or on Slack:

  https://community.getdbt.com/

Happy modeling!

[0m18:58:32.562526 [info ] [MainThread]: Setting up your profile.
[0m18:58:36.985752 [debug] [MainThread]: Spark adapter: Setting pyhive.hive logging to ERROR
[0m18:58:36.986209 [debug] [MainThread]: Spark adapter: Setting thrift.transport logging to ERROR
[0m18:58:36.986529 [debug] [MainThread]: Spark adapter: Setting thrift.protocol logging to ERROR
[0m18:58:42.541801 [error] [MainThread]: Encountered an error:

[0m18:58:42.548093 [error] [MainThread]: Traceback (most recent call last):
  File "C:\Users\ADMIN\Documents\mophones\.venv\Lib\site-packages\dbt\cli\requires.py", line 182, in wrapper
    result, success = func(*args, **kwargs)
                      ~~~~^^^^^^^^^^^^^^^^^
  File "C:\Users\ADMIN\Documents\mophones\.venv\Lib\site-packages\dbt\cli\requires.py", line 128, in wrapper
    return func(*args, **kwargs)
  File "C:\Users\ADMIN\Documents\mophones\.venv\Lib\site-packages\dbt\cli\main.py", line 483, in init
    results = task.run()
  File "C:\Users\ADMIN\Documents\mophones\.venv\Lib\site-packages\dbt\task\init.py", line 346, in run
    self.setup_profile(profile_name)
    ~~~~~~~~~~~~~~~~~~^^^^^^^^^^^^^^
  File "C:\Users\ADMIN\Documents\mophones\.venv\Lib\site-packages\dbt\task\init.py", line 262, in setup_profile
    self.create_profile_from_target(adapter, profile_name=profile_name)
    ~~~~~~~~~~~~~~~~~~~~~~~~~~~~~~~^^^^^^^^^^^^^^^^^^^^^^^^^^^^^^^^^^^^
  File "C:\Users\ADMIN\Documents\mophones\.venv\Lib\site-packages\dbt\task\init.py", line 179, in create_profile_from_target
    self.create_profile_from_profile_template(profile_template, profile_name)
    ~~~~~~~~~~~~~~~~~~~~~~~~~~~~~~~~~~~~~~~~~^^^^^^^^^^^^^^^^^^^^^^^^^^^^^^^^
  File "C:\Users\ADMIN\Documents\mophones\.venv\Lib\site-packages\dbt\task\init.py", line 163, in create_profile_from_profile_template
    target = self.generate_target_from_input(prompts, initial_target)
  File "C:\Users\ADMIN\Documents\mophones\.venv\Lib\site-packages\dbt\task\init.py", line 129, in generate_target_from_input
    target[key] = click.prompt(
                  ~~~~~~~~~~~~^
        text, default=default, hide_input=hide_input, type=type
        ^^^^^^^^^^^^^^^^^^^^^^^^^^^^^^^^^^^^^^^^^^^^^^^^^^^^^^^
    )
    ^
  File "C:\Users\ADMIN\Documents\mophones\.venv\Lib\site-packages\click\termui.py", line 171, in prompt
    value = prompt_func(prompt)
  File "C:\Users\ADMIN\Documents\mophones\.venv\Lib\site-packages\click\termui.py", line 154, in prompt_func
    raise Abort() from None
click.exceptions.Abort

[0m18:58:42.550430 [debug] [MainThread]: Command `dbt init` failed at 18:58:42.550193 after 20.27 seconds
[0m18:58:42.551019 [debug] [MainThread]: Sending event: {'category': 'dbt', 'action': 'invocation', 'label': 'end', 'context': [<snowplow_tracker.self_describing_json.SelfDescribingJson object at 0x0000016BB6FB7360>, <snowplow_tracker.self_describing_json.SelfDescribingJson object at 0x0000016BA3B84050>, <snowplow_tracker.self_describing_json.SelfDescribingJson object at 0x0000016BB706A690>]}
[0m18:58:42.551475 [debug] [MainThread]: Flushing usage events
[0m18:58:43.776807 [debug] [MainThread]: An error was encountered while trying to flush usage events
[0m18:58:51.940410 [debug] [MainThread]: Sending event: {'category': 'dbt', 'action': 'invocation', 'label': 'start', 'context': [<snowplow_tracker.self_describing_json.SelfDescribingJson object at 0x0000022F0550D160>, <snowplow_tracker.self_describing_json.SelfDescribingJson object at 0x0000022F03070190>, <snowplow_tracker.self_describing_json.SelfDescribingJson object at 0x0000022F06693C50>]}


============================== 18:58:51.946624 | d14b3e60-aeb5-4b65-a318-9f9bbe2e6553 ==============================
[0m18:58:51.946624 [info ] [MainThread]: Running with dbt=1.11.2
[0m18:58:51.947685 [debug] [MainThread]: running dbt with arguments {'static_parser': 'True', 'no_print': 'None', 'version_check': 'True', 'warn_error_options': 'WarnErrorOptionsV2(error=[], warn=[], silence=[])', 'target_path': 'None', 'printer_width': '80', 'write_json': 'True', 'introspect': 'True', 'log_cache_events': 'False', 'empty': 'None', 'cache_selected_only': 'False', 'fail_fast': 'False', 'debug': 'False', 'log_format': 'default', 'profiles_dir': 'C:\\Users\\ADMIN\\.dbt', 'send_anonymous_usage_stats': 'True', 'quiet': 'False', 'warn_error': 'None', 'partial_parse': 'True', 'invocation_command': 'dbt init', 'indirect_selection': 'eager', 'use_colors': 'True', 'use_experimental_parser': 'False', 'log_path': 'logs'}
[0m18:59:20.662713 [debug] [MainThread]: Starter project path: C:\Users\ADMIN\Documents\mophones\.venv\Lib\site-packages\dbt\include\starter_project
[0m18:59:20.721166 [info ] [MainThread]: 
Your new dbt project "mophones_dbt_project" was created!

For more information on how to configure the profiles.yml file,
please consult the dbt documentation here:

  https://docs.getdbt.com/docs/configure-your-profile

One more thing:

Need help? Don't hesitate to reach out to us via GitHub issues or on Slack:

  https://community.getdbt.com/

Happy modeling!

[0m18:59:20.722129 [info ] [MainThread]: Setting up your profile.
[0m18:59:24.139050 [debug] [MainThread]: Spark adapter: Setting pyhive.hive logging to ERROR
[0m18:59:24.139506 [debug] [MainThread]: Spark adapter: Setting thrift.transport logging to ERROR
[0m18:59:24.139834 [debug] [MainThread]: Spark adapter: Setting thrift.protocol logging to ERROR
[0m19:02:38.842169 [error] [MainThread]: Encountered an error:

[0m19:02:38.850667 [error] [MainThread]: Traceback (most recent call last):
  File "C:\Users\ADMIN\Documents\mophones\.venv\Lib\site-packages\dbt\cli\requires.py", line 182, in wrapper
    result, success = func(*args, **kwargs)
                      ~~~~^^^^^^^^^^^^^^^^^
  File "C:\Users\ADMIN\Documents\mophones\.venv\Lib\site-packages\dbt\cli\requires.py", line 128, in wrapper
    return func(*args, **kwargs)
  File "C:\Users\ADMIN\Documents\mophones\.venv\Lib\site-packages\dbt\cli\main.py", line 483, in init
    results = task.run()
  File "C:\Users\ADMIN\Documents\mophones\.venv\Lib\site-packages\dbt\task\init.py", line 346, in run
    self.setup_profile(profile_name)
    ~~~~~~~~~~~~~~~~~~^^^^^^^^^^^^^^
  File "C:\Users\ADMIN\Documents\mophones\.venv\Lib\site-packages\dbt\task\init.py", line 262, in setup_profile
    self.create_profile_from_target(adapter, profile_name=profile_name)
    ~~~~~~~~~~~~~~~~~~~~~~~~~~~~~~~^^^^^^^^^^^^^^^^^^^^^^^^^^^^^^^^^^^^
  File "C:\Users\ADMIN\Documents\mophones\.venv\Lib\site-packages\dbt\task\init.py", line 179, in create_profile_from_target
    self.create_profile_from_profile_template(profile_template, profile_name)
    ~~~~~~~~~~~~~~~~~~~~~~~~~~~~~~~~~~~~~~~~~^^^^^^^^^^^^^^^^^^^^^^^^^^^^^^^^
  File "C:\Users\ADMIN\Documents\mophones\.venv\Lib\site-packages\dbt\task\init.py", line 163, in create_profile_from_profile_template
    target = self.generate_target_from_input(prompts, initial_target)
  File "C:\Users\ADMIN\Documents\mophones\.venv\Lib\site-packages\dbt\task\init.py", line 113, in generate_target_from_input
    numeric_choice = click.prompt(prompt_msg, type=click.INT)
  File "C:\Users\ADMIN\Documents\mophones\.venv\Lib\site-packages\click\termui.py", line 171, in prompt
    value = prompt_func(prompt)
  File "C:\Users\ADMIN\Documents\mophones\.venv\Lib\site-packages\click\termui.py", line 154, in prompt_func
    raise Abort() from None
click.exceptions.Abort

[0m19:02:38.853161 [debug] [MainThread]: Command `dbt init` failed at 19:02:38.852947 after 227.12 seconds
[0m19:02:38.853792 [debug] [MainThread]: Sending event: {'category': 'dbt', 'action': 'invocation', 'label': 'end', 'context': [<snowplow_tracker.self_describing_json.SelfDescribingJson object at 0x0000022F19A67360>, <snowplow_tracker.self_describing_json.SelfDescribingJson object at 0x0000022F066C4050>, <snowplow_tracker.self_describing_json.SelfDescribingJson object at 0x0000022F19B1A690>]}
[0m19:02:38.854280 [debug] [MainThread]: Flushing usage events
[0m19:02:41.772341 [debug] [MainThread]: An error was encountered while trying to flush usage events
